gyp info it worked if it ends with ok
gyp info using node-gyp@12.2.0
gyp info using node@25.6.1 | darwin | arm64
(node:98528) [DEP0169] DeprecationWarning: `url.parse()` behavior is not standardized and prone to errors that have security implications. Use the WHATWG URL API instead. CVEs are not issued for `url.parse()` vulnerabilities.
(Use `node --trace-deprecation ...` to show where the warning was created)
gyp info find Python using Python version 3.9.6 found at "/Applications/Xcode.app/Contents/Developer/usr/bin/python3"

gyp http GET https://nodejs.org/download/release/v25.6.1/node-v25.6.1-headers.tar.gz
gyp http 200 https://nodejs.org/download/release/v25.6.1/node-v25.6.1-headers.tar.gz
gyp http GET https://nodejs.org/download/release/v25.6.1/SHASUMS256.txt
gyp http 200 https://nodejs.org/download/release/v25.6.1/SHASUMS256.txt
gyp info spawn /Applications/Xcode.app/Contents/Developer/usr/bin/python3
gyp info spawn args [
gyp info spawn args '/opt/homebrew/lib/node_modules/npm/node_modules/node-gyp/gyp/gyp_main.py',
gyp info spawn args 'binding.gyp',
gyp info spawn args '-f',
gyp info spawn args 'make',
gyp info spawn args '-I',
gyp info spawn args '/Users/narimannogaibayev/Downloads/ValentineWish-main/node_modules/uws/build/config.gypi',
gyp info spawn args '-I',
gyp info spawn args '/opt/homebrew/lib/node_modules/npm/node_modules/node-gyp/addon.gypi',
gyp info spawn args '-I',
gyp info spawn args '/Users/narimannogaibayev/Library/Caches/node-gyp/25.6.1/include/node/common.gypi',
gyp info spawn args '-Dlibrary=shared_library',
gyp info spawn args '-Dvisibility=default',
gyp info spawn args '-Dnode_root_dir=/Users/narimannogaibayev/Library/Caches/node-gyp/25.6.1',
gyp info spawn args '-Dnode_gyp_dir=/opt/homebrew/lib/node_modules/npm/node_modules/node-gyp',
gyp info spawn args '-Dnode_lib_file=/Users/narimannogaibayev/Library/Caches/node-gyp/25.6.1/<(target_arch)/node.lib',
gyp info spawn args '-Dmodule_root_dir=/Users/narimannogaibayev/Downloads/ValentineWish-main/node_modules/uws',
gyp info spawn args '-Dnode_engine=v8',
gyp info spawn args '--depth=.',
gyp info spawn args '--no-parallel',
gyp info spawn args '--generator-output',
gyp info spawn args 'build',
gyp info spawn args '-Goutput_dir=.'
gyp info spawn args ]
gyp info spawn make
gyp info spawn args [ 'BUILDTYPE=Release', '-C', 'build' ]
  CXX(target) Release/obj.target/uws/src/Extensions.o
  CXX(target) Release/obj.target/uws/src/Group.o
In file included from ../src/Group.cpp:1:
In file included from ../src/Group.h:4:
In file included from ../src/WebSocket.h:4:
In file included from ../src/WebSocketProtocol.h:5:
In file included from ../src/Networking.h:69:
In file included from ../src/Backend.h:9:
../src/Libuv.h:168:20: warning: cast from 'void (*)(Poll *)' to 'void (*)(Poll *, int, int)' converts to incompatible function type [-Wcast-function-type-mismatch]
  168 |         this->cb = (void(*)(Poll *, int, int)) cb;
      |                    ^~~~~~~~~~~~~~~~~~~~~~~~~~~~~~
../src/Libuv.h:171:34: warning: cast from 'void (*)(Poll *, int, int)' to 'void (*)(Poll *)' converts to incompatible function type [-Wcast-function-type-mismatch]
  171 |             void (*cb)(Poll *) = (void(*)(Poll *)) poll->cb;
      |                                  ^~~~~~~~~~~~~~~~~~~~~~~~~~
In file included from ../src/Group.cpp:1:
In file included from ../src/Group.h:5:
../src/HTTPSocket.h:207:63: warning: 'sprintf' is deprecated: This function is provided for compatibility reasons only.  Due to security concerns inherent in the design of sprintf(3), it is highly recommended that you use snprintf(3) instead. [-Wdeprecated-declarations]
  207 |                 int offset = transformData.hasHead ? 0 : std::sprintf(dst, "HTTP/1.1 200 OK\r\nContent-Length: %u\r\n\r\n", (unsigned int) length);
      |                                                               ^
/Applications/Xcode.app/Contents/Developer/Platforms/MacOSX.platform/Developer/SDKs/MacOSX.sdk/usr/include/_stdio.h:278:1: note: 'sprintf' has been explicitly marked deprecated here
  278 | __deprecated_msg("This function is provided for compatibility reasons only.  Due to security concerns inherent in the design of sprintf(3), it is highly recommended that you use snprintf(3) instead.")
      | ^
/Applications/Xcode.app/Contents/Developer/Platforms/MacOSX.platform/Developer/SDKs/MacOSX.sdk/usr/include/sys/cdefs.h:227:48: note: expanded from macro '__deprecated_msg'
  227 |         #define __deprecated_msg(_msg) __attribute__((__deprecated__(_msg)))
      |                                                       ^
3 warnings generated.
  CXX(target) Release/obj.target/uws/src/Networking.o
In file included from ../src/Networking.cpp:1:
In file included from ../src/Networking.h:69:
In file included from ../src/Backend.h:9:
../src/Libuv.h:168:20: warning: cast from 'void (*)(Poll *)' to 'void (*)(Poll *, int, int)' converts to incompatible function type [-Wcast-function-type-mismatch]
  168 |         this->cb = (void(*)(Poll *, int, int)) cb;
      |                    ^~~~~~~~~~~~~~~~~~~~~~~~~~~~~~
../src/Libuv.h:171:34: warning: cast from 'void (*)(Poll *, int, int)' to 'void (*)(Poll *)' converts to incompatible function type [-Wcast-function-type-mismatch]
  171 |             void (*cb)(Poll *) = (void(*)(Poll *)) poll->cb;
      |                                  ^~~~~~~~~~~~~~~~~~~~~~~~~~
2 warnings generated.
  CXX(target) Release/obj.target/uws/src/Hub.o
In file included from ../src/Hub.cpp:1:
In file included from ../src/Hub.h:4:
In file included from ../src/Group.h:4:
In file included from ../src/WebSocket.h:4:
In file included from ../src/WebSocketProtocol.h:5:
In file included from ../src/Networking.h:69:
In file included from ../src/Backend.h:9:
../src/Libuv.h:168:20: warning: cast from 'void (*)(Poll *)' to 'void (*)(Poll *, int, int)' converts to incompatible function type [-Wcast-function-type-mismatch]
  168 |         this->cb = (void(*)(Poll *, int, int)) cb;
      |                    ^~~~~~~~~~~~~~~~~~~~~~~~~~~~~~
../src/Libuv.h:171:34: warning: cast from 'void (*)(Poll *, int, int)' to 'void (*)(Poll *)' converts to incompatible function type [-Wcast-function-type-mismatch]
  171 |             void (*cb)(Poll *) = (void(*)(Poll *)) poll->cb;
      |                                  ^~~~~~~~~~~~~~~~~~~~~~~~~~
In file included from ../src/Hub.cpp:1:
In file included from ../src/Hub.h:4:
In file included from ../src/Group.h:5:
../src/HTTPSocket.h:207:63: warning: 'sprintf' is deprecated: This function is provided for compatibility reasons only.  Due to security concerns inherent in the design of sprintf(3), it is highly recommended that you use snprintf(3) instead. [-Wdeprecated-declarations]
  207 |                 int offset = transformData.hasHead ? 0 : std::sprintf(dst, "HTTP/1.1 200 OK\r\nContent-Length: %u\r\n\r\n", (unsigned int) length);
      |                                                               ^
/Applications/Xcode.app/Contents/Developer/Platforms/MacOSX.platform/Developer/SDKs/MacOSX.sdk/usr/include/_stdio.h:278:1: note: 'sprintf' has been explicitly marked deprecated here
  278 | __deprecated_msg("This function is provided for compatibility reasons only.  Due to security concerns inherent in the design of sprintf(3), it is highly recommended that you use snprintf(3) instead.")
      | ^
/Applications/Xcode.app/Contents/Developer/Platforms/MacOSX.platform/Developer/SDKs/MacOSX.sdk/usr/include/sys/cdefs.h:227:48: note: expanded from macro '__deprecated_msg'
  227 |         #define __deprecated_msg(_msg) __attribute__((__deprecated__(_msg)))
      |                                                       ^
3 warnings generated.
  CXX(target) Release/obj.target/uws/src/Node.o
In file included from ../src/Node.cpp:1:
In file included from ../src/Node.h:4:
In file included from ../src/Socket.h:4:
In file included from ../src/Networking.h:69:
In file included from ../src/Backend.h:9:
../src/Libuv.h:168:20: warning: cast from 'void (*)(Poll *)' to 'void (*)(Poll *, int, int)' converts to incompatible function type [-Wcast-function-type-mismatch]
  168 |         this->cb = (void(*)(Poll *, int, int)) cb;
      |                    ^~~~~~~~~~~~~~~~~~~~~~~~~~~~~~
../src/Libuv.h:171:34: warning: cast from 'void (*)(Poll *, int, int)' to 'void (*)(Poll *)' converts to incompatible function type [-Wcast-function-type-mismatch]
  171 |             void (*cb)(Poll *) = (void(*)(Poll *)) poll->cb;
      |                                  ^~~~~~~~~~~~~~~~~~~~~~~~~~
2 warnings generated.
  CXX(target) Release/obj.target/uws/src/WebSocket.o
In file included from ../src/WebSocket.cpp:1:
In file included from ../src/WebSocket.h:4:
In file included from ../src/WebSocketProtocol.h:5:
In file included from ../src/Networking.h:69:
In file included from ../src/Backend.h:9:
../src/Libuv.h:168:20: warning: cast from 'void (*)(Poll *)' to 'void (*)(Poll *, int, int)' converts to incompatible function type [-Wcast-function-type-mismatch]
  168 |         this->cb = (void(*)(Poll *, int, int)) cb;
      |                    ^~~~~~~~~~~~~~~~~~~~~~~~~~~~~~
../src/Libuv.h:171:34: warning: cast from 'void (*)(Poll *, int, int)' to 'void (*)(Poll *)' converts to incompatible function type [-Wcast-function-type-mismatch]
  171 |             void (*cb)(Poll *) = (void(*)(Poll *)) poll->cb;
      |                                  ^~~~~~~~~~~~~~~~~~~~~~~~~~
In file included from ../src/WebSocket.cpp:2:
In file included from ../src/Group.h:5:
../src/HTTPSocket.h:207:63: warning: 'sprintf' is deprecated: This function is provided for compatibility reasons only.  Due to security concerns inherent in the design of sprintf(3), it is highly recommended that you use snprintf(3) instead. [-Wdeprecated-declarations]
  207 |                 int offset = transformData.hasHead ? 0 : std::sprintf(dst, "HTTP/1.1 200 OK\r\nContent-Length: %u\r\n\r\n", (unsigned int) length);
      |                                                               ^
/Applications/Xcode.app/Contents/Developer/Platforms/MacOSX.platform/Developer/SDKs/MacOSX.sdk/usr/include/_stdio.h:278:1: note: 'sprintf' has been explicitly marked deprecated here
  278 | __deprecated_msg("This function is provided for compatibility reasons only.  Due to security concerns inherent in the design of sprintf(3), it is highly recommended that you use snprintf(3) instead.")
      | ^
/Applications/Xcode.app/Contents/Developer/Platforms/MacOSX.platform/Developer/SDKs/MacOSX.sdk/usr/include/sys/cdefs.h:227:48: note: expanded from macro '__deprecated_msg'
  227 |         #define __deprecated_msg(_msg) __attribute__((__deprecated__(_msg)))
      |                                                       ^
3 warnings generated.
  CXX(target) Release/obj.target/uws/src/HTTPSocket.o
In file included from ../src/HTTPSocket.cpp:1:
In file included from ../src/HTTPSocket.h:4:
In file included from ../src/Socket.h:4:
In file included from ../src/Networking.h:69:
In file included from ../src/Backend.h:9:
../src/Libuv.h:168:20: warning: cast from 'void (*)(Poll *)' to 'void (*)(Poll *, int, int)' converts to incompatible function type [-Wcast-function-type-mismatch]
  168 |         this->cb = (void(*)(Poll *, int, int)) cb;
      |                    ^~~~~~~~~~~~~~~~~~~~~~~~~~~~~~
../src/Libuv.h:171:34: warning: cast from 'void (*)(Poll *, int, int)' to 'void (*)(Poll *)' converts to incompatible function type [-Wcast-function-type-mismatch]
  171 |             void (*cb)(Poll *) = (void(*)(Poll *)) poll->cb;
      |                                  ^~~~~~~~~~~~~~~~~~~~~~~~~~
In file included from ../src/HTTPSocket.cpp:1:
../src/HTTPSocket.h:207:63: warning: 'sprintf' is deprecated: This function is provided for compatibility reasons only.  Due to security concerns inherent in the design of sprintf(3), it is highly recommended that you use snprintf(3) instead. [-Wdeprecated-declarations]
  207 |                 int offset = transformData.hasHead ? 0 : std::sprintf(dst, "HTTP/1.1 200 OK\r\nContent-Length: %u\r\n\r\n", (unsigned int) length);
      |                                                               ^
/Applications/Xcode.app/Contents/Developer/Platforms/MacOSX.platform/Developer/SDKs/MacOSX.sdk/usr/include/_stdio.h:278:1: note: 'sprintf' has been explicitly marked deprecated here
  278 | __deprecated_msg("This function is provided for compatibility reasons only.  Due to security concerns inherent in the design of sprintf(3), it is highly recommended that you use snprintf(3) instead.")
      | ^
/Applications/Xcode.app/Contents/Developer/Platforms/MacOSX.platform/Developer/SDKs/MacOSX.sdk/usr/include/sys/cdefs.h:227:48: note: expanded from macro '__deprecated_msg'
  227 |         #define __deprecated_msg(_msg) __attribute__((__deprecated__(_msg)))
      |                                                       ^
3 warnings generated.
  CXX(target) Release/obj.target/uws/src/Socket.o
In file included from ../src/Socket.cpp:1:
In file included from ../src/Socket.h:4:
In file included from ../src/Networking.h:69:
In file included from ../src/Backend.h:9:
../src/Libuv.h:168:20: warning: cast from 'void (*)(Poll *)' to 'void (*)(Poll *, int, int)' converts to incompatible function type [-Wcast-function-type-mismatch]
  168 |         this->cb = (void(*)(Poll *, int, int)) cb;
      |                    ^~~~~~~~~~~~~~~~~~~~~~~~~~~~~~
../src/Libuv.h:171:34: warning: cast from 'void (*)(Poll *, int, int)' to 'void (*)(Poll *)' converts to incompatible function type [-Wcast-function-type-mismatch]
  171 |             void (*cb)(Poll *) = (void(*)(Poll *)) poll->cb;
      |                                  ^~~~~~~~~~~~~~~~~~~~~~~~~~
2 warnings generated.
  CXX(target) Release/obj.target/uws/src/addon.o
In file included from ../src/addon.cpp:1:
In file included from ../src/../src/uWS.h:4:
In file included from ../src/../src/Hub.h:4:
In file included from ../src/../src/Group.h:4:
In file included from ../src/../src/WebSocket.h:4:
In file included from ../src/../src/WebSocketProtocol.h:5:
In file included from ../src/../src/Networking.h:69:
In file included from ../src/../src/Backend.h:9:
../src/../src/Libuv.h:168:20: warning: cast from 'void (*)(Poll *)' to 'void (*)(Poll *, int, int)' converts to incompatible function type [-Wcast-function-type-mismatch]
  168 |         this->cb = (void(*)(Poll *, int, int)) cb;
      |                    ^~~~~~~~~~~~~~~~~~~~~~~~~~~~~~
../src/../src/Libuv.h:171:34: warning: cast from 'void (*)(Poll *, int, int)' to 'void (*)(Poll *)' converts to incompatible function type [-Wcast-function-type-mismatch]
  171 |             void (*cb)(Poll *) = (void(*)(Poll *)) poll->cb;
      |                                  ^~~~~~~~~~~~~~~~~~~~~~~~~~
In file included from ../src/addon.cpp:1:
In file included from ../src/../src/uWS.h:4:
In file included from ../src/../src/Hub.h:4:
In file included from ../src/../src/Group.h:5:
../src/../src/HTTPSocket.h:207:63: warning: 'sprintf' is deprecated: This function is provided for compatibility reasons only.  Due to security concerns inherent in the design of sprintf(3), it is highly recommended that you use snprintf(3) instead. [-Wdeprecated-declarations]
  207 |                 int offset = transformData.hasHead ? 0 : std::sprintf(dst, "HTTP/1.1 200 OK\r\nContent-Length: %u\r\n\r\n", (unsigned int) length);
      |                                                               ^
/Applications/Xcode.app/Contents/Developer/Platforms/MacOSX.platform/Developer/SDKs/MacOSX.sdk/usr/include/_stdio.h:278:1: note: 'sprintf' has been explicitly marked deprecated here
  278 | __deprecated_msg("This function is provided for compatibility reasons only.  Due to security concerns inherent in the design of sprintf(3), it is highly recommended that you use snprintf(3) instead.")
      | ^
/Applications/Xcode.app/Contents/Developer/Platforms/MacOSX.platform/Developer/SDKs/MacOSX.sdk/usr/include/sys/cdefs.h:227:48: note: expanded from macro '__deprecated_msg'
  227 |         #define __deprecated_msg(_msg) __attribute__((__deprecated__(_msg)))
      |                                                       ^
In file included from ../src/addon.cpp:2:
In file included from ../src/addon.h:1:
In file included from /Users/narimannogaibayev/Library/Caches/node-gyp/25.6.1/include/node/node.h:74:
In file included from /Users/narimannogaibayev/Library/Caches/node-gyp/25.6.1/include/node/v8.h:23:
In file included from /Users/narimannogaibayev/Library/Caches/node-gyp/25.6.1/include/node/cppgc/common.h:8:
/Users/narimannogaibayev/Library/Caches/node-gyp/25.6.1/include/node/v8config.h:13:2: error: "C++20 or later required."
   13 | #error "C++20 or later required."
      |  ^
In file included from ../src/addon.cpp:2:
In file included from ../src/addon.h:1:
In file included from /Users/narimannogaibayev/Library/Caches/node-gyp/25.6.1/include/node/node.h:74:
In file included from /Users/narimannogaibayev/Library/Caches/node-gyp/25.6.1/include/node/v8.h:24:
In file included from /Users/narimannogaibayev/Library/Caches/node-gyp/25.6.1/include/node/v8-array-buffer.h:12:
In file included from /Users/narimannogaibayev/Library/Caches/node-gyp/25.6.1/include/node/v8-local-handle.h:13:
In file included from /Users/narimannogaibayev/Library/Caches/node-gyp/25.6.1/include/node/v8-handle-base.h:8:
/Users/narimannogaibayev/Library/Caches/node-gyp/25.6.1/include/node/v8-internal.h:112:36: error: no type named 'enable_if_t' in namespace 'std'
  112 |   template <class T, typename std::enable_if_t<std::is_integral_v<T> &&
      |                      ~~~~~~~~~~~~~~^~~~~~~~~~~
/Users/narimannogaibayev/Library/Caches/node-gyp/25.6.1/include/node/v8-internal.h:112:47: error: expected ',' or '>' in template-parameter-list
  112 |   template <class T, typename std::enable_if_t<std::is_integral_v<T> &&
      |                                               ^
/Users/narimannogaibayev/Library/Caches/node-gyp/25.6.1/include/node/v8-internal.h:113:53: error: no template named 'is_signed_v' in namespace 'std'; did you mean 'is_signed'?
  113 |                                                std::is_signed_v<T>>* = nullptr>
      |                                                ~~~~~^~~~~~~~~~~
      |                                                     is_signed
/Applications/Xcode.app/Contents/Developer/Platforms/MacOSX.platform/Developer/SDKs/MacOSX.sdk/usr/include/c++/v1/__type_traits/is_signed.h:26:56: note: 'is_signed' declared here
   26 | struct _LIBCPP_TEMPLATE_VIS _LIBCPP_NO_SPECIALIZATIONS is_signed : _BoolConstant<__is_signed(_Tp)> {};
      |                                                        ^
In file included from ../src/addon.cpp:2:
In file included from ../src/addon.h:1:
In file included from /Users/narimannogaibayev/Library/Caches/node-gyp/25.6.1/include/node/node.h:74:
In file included from /Users/narimannogaibayev/Library/Caches/node-gyp/25.6.1/include/node/v8.h:24:
In file included from /Users/narimannogaibayev/Library/Caches/node-gyp/25.6.1/include/node/v8-array-buffer.h:12:
In file included from /Users/narimannogaibayev/Library/Caches/node-gyp/25.6.1/include/node/v8-local-handle.h:13:
In file included from /Users/narimannogaibayev/Library/Caches/node-gyp/25.6.1/include/node/v8-handle-base.h:8:
/Users/narimannogaibayev/Library/Caches/node-gyp/25.6.1/include/node/v8-internal.h:113:53: error: non-friend class member 'is_signed' cannot have a qualified name
  113 |                                                std::is_signed_v<T>>* = nullptr>
      |                                                ~~~~~^
/Users/narimannogaibayev/Library/Caches/node-gyp/25.6.1/include/node/v8-internal.h:113:53: error: a type specifier is required for all declarations
/Users/narimannogaibayev/Library/Caches/node-gyp/25.6.1/include/node/v8-internal.h:113:53: error: member 'is_signed' declared as a template
  112 |   template <class T, typename std::enable_if_t<std::is_integral_v<T> &&
      |   ~~~~~~~~~~~~~~~~~~~~~~~~~~~~~~~~~~~~~~~~~~~~~~~~~~~~~~~~~~~~~~~~~~
  113 |                                                std::is_signed_v<T>>* = nullptr>
      |                                                     ^
/Users/narimannogaibayev/Library/Caches/node-gyp/25.6.1/include/node/v8-internal.h:113:53: error: no variable template matches partial specialization
/Users/narimannogaibayev/Library/Caches/node-gyp/25.6.1/include/node/v8-internal.h:113:68: error: expected ';' at end of declaration list
  113 |                                                std::is_signed_v<T>>* = nullptr>
      |                                                                    ^
      |                                                                    ;
/Users/narimannogaibayev/Library/Caches/node-gyp/25.6.1/include/node/v8-internal.h:107:9: warning: variable declaration in a constexpr function is a C++14 extension [-Wc++14-extensions]
  107 |     int shift_bits = kSmiTagSize + kSmiShiftSize;
      |         ^
/Users/narimannogaibayev/Library/Caches/node-gyp/25.6.1/include/node/v8-internal.h:162:36: error: no type named 'enable_if_t' in namespace 'std'
  162 |   template <class T, typename std::enable_if_t<std::is_integral_v<T> &&
      |                      ~~~~~~~~~~~~~~^~~~~~~~~~~
/Users/narimannogaibayev/Library/Caches/node-gyp/25.6.1/include/node/v8-internal.h:162:47: error: expected ',' or '>' in template-parameter-list
  162 |   template <class T, typename std::enable_if_t<std::is_integral_v<T> &&
      |                                               ^
/Users/narimannogaibayev/Library/Caches/node-gyp/25.6.1/include/node/v8-internal.h:163:53: error: no template named 'is_signed_v' in namespace 'std'; did you mean 'is_signed'?
  163 |                                                std::is_signed_v<T>>* = nullptr>
      |                                                ~~~~~^~~~~~~~~~~
      |                                                     is_signed
/Applications/Xcode.app/Contents/Developer/Platforms/MacOSX.platform/Developer/SDKs/MacOSX.sdk/usr/include/c++/v1/__type_traits/is_signed.h:26:56: note: 'is_signed' declared here
   26 | struct _LIBCPP_TEMPLATE_VIS _LIBCPP_NO_SPECIALIZATIONS is_signed : _BoolConstant<__is_signed(_Tp)> {};
      |                                                        ^
In file included from ../src/addon.cpp:2:
In file included from ../src/addon.h:1:
In file included from /Users/narimannogaibayev/Library/Caches/node-gyp/25.6.1/include/node/node.h:74:
In file included from /Users/narimannogaibayev/Library/Caches/node-gyp/25.6.1/include/node/v8.h:24:
In file included from /Users/narimannogaibayev/Library/Caches/node-gyp/25.6.1/include/node/v8-array-buffer.h:12:
In file included from /Users/narimannogaibayev/Library/Caches/node-gyp/25.6.1/include/node/v8-local-handle.h:13:
In file included from /Users/narimannogaibayev/Library/Caches/node-gyp/25.6.1/include/node/v8-handle-base.h:8:
/Users/narimannogaibayev/Library/Caches/node-gyp/25.6.1/include/node/v8-internal.h:163:53: error: non-friend class member 'is_signed' cannot have a qualified name
  163 |                                                std::is_signed_v<T>>* = nullptr>
      |                                                ~~~~~^
/Users/narimannogaibayev/Library/Caches/node-gyp/25.6.1/include/node/v8-internal.h:163:53: error: a type specifier is required for all declarations
/Users/narimannogaibayev/Library/Caches/node-gyp/25.6.1/include/node/v8-internal.h:163:53: error: member 'is_signed' declared as a template
  162 |   template <class T, typename std::enable_if_t<std::is_integral_v<T> &&
      |   ~~~~~~~~~~~~~~~~~~~~~~~~~~~~~~~~~~~~~~~~~~~~~~~~~~~~~~~~~~~~~~~~~~
  163 |                                                std::is_signed_v<T>>* = nullptr>
      |                                                     ^
/Users/narimannogaibayev/Library/Caches/node-gyp/25.6.1/include/node/v8-internal.h:163:53: error: no variable template matches partial specialization
/Users/narimannogaibayev/Library/Caches/node-gyp/25.6.1/include/node/v8-internal.h:163:68: error: expected ';' at end of declaration list
  163 |                                                std::is_signed_v<T>>* = nullptr>
      |                                                                    ^
      |                                                                    ;
/Users/narimannogaibayev/Library/Caches/node-gyp/25.6.1/include/node/v8-internal.h:157:9: warning: variable declaration in a constexpr function is a C++14 extension [-Wc++14-extensions]
  157 |     int shift_bits = kSmiTagSize + kSmiShiftSize;
      |         ^
/Users/narimannogaibayev/Library/Caches/node-gyp/25.6.1/include/node/v8-internal.h:352:38: warning: 'static_assert' with no message is a C++17 extension [-Wc++17-extensions]
  352 |               kExternalPointerTagMask);
      |                                      ^
      |                                      , ""
/Users/narimannogaibayev/Library/Caches/node-gyp/25.6.1/include/node/v8-internal.h:445:22: error: no template named 'is_enum_v' in namespace 'std'; did you mean 'is_enum'?
  445 |   static_assert(std::is_enum_v<Tag> &&
      |                 ~~~~~^~~~~~~~~
      |                      is_enum
/Applications/Xcode.app/Contents/Developer/Platforms/MacOSX.platform/Developer/SDKs/MacOSX.sdk/usr/include/c++/v1/__type_traits/is_enum.h:22:56: note: 'is_enum' declared here
   22 | struct _LIBCPP_TEMPLATE_VIS _LIBCPP_NO_SPECIALIZATIONS is_enum : public integral_constant<bool, __is_enum(_Tp)> {};
      |                                                        ^
In file included from ../src/addon.cpp:2:
In file included from ../src/addon.h:1:
In file included from /Users/narimannogaibayev/Library/Caches/node-gyp/25.6.1/include/node/node.h:74:
In file included from /Users/narimannogaibayev/Library/Caches/node-gyp/25.6.1/include/node/v8.h:24:
In file included from /Users/narimannogaibayev/Library/Caches/node-gyp/25.6.1/include/node/v8-array-buffer.h:12:
In file included from /Users/narimannogaibayev/Library/Caches/node-gyp/25.6.1/include/node/v8-local-handle.h:13:
In file included from /Users/narimannogaibayev/Library/Caches/node-gyp/25.6.1/include/node/v8-handle-base.h:8:
/Users/narimannogaibayev/Library/Caches/node-gyp/25.6.1/include/node/v8-internal.h:445:37: error: expected '(' for function-style cast or type construction
  445 |   static_assert(std::is_enum_v<Tag> &&
      |                 ~~~~~~~~~~~~~~~~~~~ ^
fatal error: too many errors emitted, stopping now [-ferror-limit=]
6 warnings and 20 errors generated.
make: *** [Release/obj.target/uws/src/addon.o] Error 1
gyp ERR! build error 
gyp ERR! stack Error: `make` failed with exit code: 2
gyp ERR! stack at ChildProcess.<anonymous> (/opt/homebrew/lib/node_modules/npm/node_modules/node-gyp/lib/build.js:219:23)
gyp ERR! System Darwin 25.3.0
gyp ERR! command "/opt/homebrew/Cellar/node/25.6.1/bin/node" "/opt/homebrew/lib/node_modules/npm/node_modules/node-gyp/bin/node-gyp.js" "rebuild"
gyp ERR! cwd /Users/narimannogaibayev/Downloads/ValentineWish-main/node_modules/uws
gyp ERR! node -v v25.6.1
gyp ERR! node-gyp -v v12.2.0
gyp ERR! $npm_package_name uws
gyp ERR! $npm_package_version 9.14.0
gyp ERR! not ok 
